<?xml version="1.0" encoding="UTF-8"?>
<testsuite xmlns:xsi="http://www.w3.org/2001/XMLSchema-instance" xsi:noNamespaceSchemaLocation="https://maven.apache.org/surefire/maven-surefire-plugin/xsd/surefire-test-report.xsd" name="com.gIssamu.QuestionsTest" time="0.024" tests="4" errors="0" skipped="0" failures="0">
  <properties>
    <property name="sun.desktop" value="gnome"/>
    <property name="awt.toolkit" value="sun.awt.X11.XToolkit"/>
    <property name="java.specification.version" value="11"/>
    <property name="sun.cpu.isalist" value=""/>
    <property name="sun.jnu.encoding" value="UTF-8"/>
    <property name="java.class.path" value="/home/g_issamu/Workspace/git/selectiveProcess/capgemini-proway/programmingChallenge/target/test-classes:/home/g_issamu/Workspace/git/selectiveProcess/capgemini-proway/programmingChallenge/target/classes:/home/g_issamu/.m2/repository/junit/junit/4.11/junit-4.11.jar:/home/g_issamu/.m2/repository/org/hamcrest/hamcrest-core/1.3/hamcrest-core-1.3.jar:"/>
    <property name="java.vm.vendor" value="Oracle Corporation"/>
    <property name="sun.arch.data.model" value="64"/>
    <property name="java.vendor.url" value="http://java.oracle.com/"/>
    <property name="user.timezone" value=""/>
    <property name="java.vm.specification.version" value="11"/>
    <property name="os.name" value="Linux"/>
    <property name="sun.java.launcher" value="SUN_STANDARD"/>
    <property name="user.country" value="US"/>
    <property name="sun.boot.library.path" value="/home/g_issamu/.asdf/installs/java/openjdk-11.0.2/lib"/>
    <property name="sun.java.command" value="/home/g_issamu/Workspace/git/selectiveProcess/capgemini-proway/programmingChallenge/target/surefire/surefirebooter8158459385347210412.jar /home/g_issamu/Workspace/git/selectiveProcess/capgemini-proway/programmingChallenge/target/surefire 2022-03-02T18-06-24_959-jvmRun1 surefire4033435720811604438tmp surefire_08839771378386693224tmp"/>
    <property name="jdk.debug" value="release"/>
    <property name="surefire.test.class.path" value="/home/g_issamu/Workspace/git/selectiveProcess/capgemini-proway/programmingChallenge/target/test-classes:/home/g_issamu/Workspace/git/selectiveProcess/capgemini-proway/programmingChallenge/target/classes:/home/g_issamu/.m2/repository/junit/junit/4.11/junit-4.11.jar:/home/g_issamu/.m2/repository/org/hamcrest/hamcrest-core/1.3/hamcrest-core-1.3.jar:"/>
    <property name="sun.cpu.endian" value="little"/>
    <property name="user.home" value="/home/g_issamu"/>
    <property name="user.language" value="en"/>
    <property name="java.specification.vendor" value="Oracle Corporation"/>
    <property name="java.version.date" value="2019-01-15"/>
    <property name="java.home" value="/home/g_issamu/.asdf/installs/java/openjdk-11.0.2"/>
    <property name="file.separator" value="/"/>
    <property name="basedir" value="/home/g_issamu/Workspace/git/selectiveProcess/capgemini-proway/programmingChallenge"/>
    <property name="java.vm.compressedOopsMode" value="Zero based"/>
    <property name="line.separator" value="&#10;"/>
    <property name="java.specification.name" value="Java Platform API Specification"/>
    <property name="java.vm.specification.vendor" value="Oracle Corporation"/>
    <property name="java.awt.graphicsenv" value="sun.awt.X11GraphicsEnvironment"/>
    <property name="surefire.real.class.path" value="/home/g_issamu/Workspace/git/selectiveProcess/capgemini-proway/programmingChallenge/target/surefire/surefirebooter8158459385347210412.jar"/>
    <property name="sun.management.compiler" value="HotSpot 64-Bit Tiered Compilers"/>
    <property name="java.runtime.version" value="11.0.2+9"/>
    <property name="user.name" value="g_issamu"/>
    <property name="path.separator" value=":"/>
    <property name="os.version" value="5.15.23-76051523-generic"/>
    <property name="java.runtime.name" value="OpenJDK Runtime Environment"/>
    <property name="file.encoding" value="UTF-8"/>
    <property name="java.vm.name" value="OpenJDK 64-Bit Server VM"/>
    <property name="java.vendor.version" value="18.9"/>
    <property name="localRepository" value="/home/g_issamu/.m2/repository"/>
    <property name="java.vendor.url.bug" value="http://bugreport.java.com/bugreport/"/>
    <property name="java.io.tmpdir" value="/tmp"/>
    <property name="java.version" value="11.0.2"/>
    <property name="user.dir" value="/home/g_issamu/Workspace/git/selectiveProcess/capgemini-proway/programmingChallenge"/>
    <property name="os.arch" value="amd64"/>
    <property name="java.vm.specification.name" value="Java Virtual Machine Specification"/>
    <property name="java.awt.printerjob" value="sun.print.PSPrinterJob"/>
    <property name="sun.os.patch.level" value="unknown"/>
    <property name="java.library.path" value="/usr/java/packages/lib:/usr/lib64:/lib64:/lib:/usr/lib"/>
    <property name="java.vendor" value="Oracle Corporation"/>
    <property name="java.vm.info" value="mixed mode"/>
    <property name="java.vm.version" value="11.0.2+9"/>
    <property name="sun.io.unicode.encoding" value="UnicodeLittle"/>
    <property name="java.class.version" value="55.0"/>
  </properties>
  <testcase name="testExampleQuestion1" classname="com.gIssamu.QuestionsTest" time="0.002"/>
  <testcase name="textExemple2Question3" classname="com.gIssamu.QuestionsTest" time="0"/>
  <testcase name="textExemple1Question3" classname="com.gIssamu.QuestionsTest" time="0"/>
  <testcase name="testExempleQuestion2" classname="com.gIssamu.QuestionsTest" time="0"/>
</testsuite>